<?xml version="1.0" encoding="UTF-8"?>
<!-- Generated by org.testng.reporters.JUnitXMLReporter -->
<testsuite ignored="0" hostname="Indhu" failures="1" tests="1" name="1" time="34.431" errors="0" timestamp="2023-06-13T23:21:03 IST">
  <testcase classname="testcases.TC103" name="TestCase103" time="14.409">
    <failure type="java.lang.AssertionError" message="test case failed expected [Check-In Date should not be in past] but found []">
      <![CDATA[java.lang.AssertionError: test case failed expected [Check-In Date should not be in past] but found []
at testcases.TC103.TestCase103(TC103.java:40)
at java.base/java.util.ArrayList.forEach(ArrayList.java:1511)
... Removed 32 stack frames]]>
    </failure>
  </testcase> <!-- TestCase103 -->
</testsuite> <!-- 1 -->
