<?xml version="1.0" encoding="UTF-8"?>
<!-- Generated by org.testng.reporters.JUnitXMLReporter -->
<testsuite ignored="0" hostname="Indhu" failures="3" tests="12" name="Hotel Booking website testing" time="213.361" errors="0" timestamp="2023-06-14T02:12:35 IST">
  <testcase classname="testcases.TC101" name="TestCase101" time="2.147"/>
  <testcase classname="testcases.TC102" name="TestCase102" time="6.188"/>
  <testcase classname="testcases.TC103" name="TestCase103" time="16.761">
    <failure type="java.lang.AssertionError" message="test case failed expected [Check-In Date should not be in past] but found []">
      <![CDATA[java.lang.AssertionError: test case failed expected [Check-In Date should not be in past] but found []
at testcases.TC103.TestCase103(TC103.java:38)
at java.base/java.util.ArrayList.forEach(ArrayList.java:1511)
... Removed 32 stack frames]]>
    </failure>
  </testcase> <!-- TestCase103 -->
  <testcase classname="testcases.TC104" name="TestCase104" time="6.537"/>
  <testcase classname="testcases.TC105" name="TestCase105" time="6.22"/>
  <testcase classname="testcases.TC106" name="TestCase106" time="5.658"/>
  <testcase classname="testcases.TC107" name="TestCase107" time="6.498"/>
  <testcase classname="testcases.TC108" name="TestCase108" time="6.573">
    <failure type="java.lang.AssertionError" message="Total price shown is wrong expected [125] but found [135]">
      <![CDATA[java.lang.AssertionError: Total price shown is wrong expected [125] but found [135]
at testcases.TC108.TestCase108(TC108.java:43)
at java.base/java.util.ArrayList.forEach(ArrayList.java:1511)
... Removed 32 stack frames]]>
    </failure>
  </testcase> <!-- TestCase108 -->
  <testcase classname="testcases.TC109" name="TestCase109" time="3.606"/>
  <testcase classname="testcases.TC110" name="TestCase110" time="7.281">
    <failure type="java.lang.AssertionError" message="Total price shown is wrong expected [850] but found [435]">
      <![CDATA[java.lang.AssertionError: Total price shown is wrong expected [850] but found [435]
at testcases.TC110.TestCase110(TC110.java:46)
at java.base/java.util.ArrayList.forEach(ArrayList.java:1511)
... Removed 32 stack frames]]>
    </failure>
  </testcase> <!-- TestCase110 -->
  <testcase classname="testcases.TC111" name="TestCase111" time="6.677"/>
  <testcase classname="testcases.TC112" name="TestCase112" time="6.149"/>
</testsuite> <!-- Hotel Booking website testing -->
