<html>
<head>
<title>TestNG:  Hotel Booking website testing</title>
<link href="../testng.css" rel="stylesheet" type="text/css" />
<link href="../my-testng.css" rel="stylesheet" type="text/css" />

<style type="text/css">
.log { display: none;} 
.stack-trace { display: none;} 
</style>
<script type="text/javascript">
<!--
function flip(e) {
  current = e.style.display;
  if (current == 'block') {
    e.style.display = 'none';
    return 0;
  }
  else {
    e.style.display = 'block';
    return 1;
  }
}

function toggleBox(szDivId, elem, msg1, msg2)
{
  var res = -1;  if (document.getElementById) {
    res = flip(document.getElementById(szDivId));
  }
  else if (document.all) {
    // this is the way old msie versions work
    res = flip(document.all[szDivId]);
  }
  if(elem) {
    if(res == 0) elem.innerHTML = msg1; else elem.innerHTML = msg2;
  }

}

function toggleAllBoxes() {
  if (document.getElementsByTagName) {
    d = document.getElementsByTagName('div');
    for (i = 0; i < d.length; i++) {
      if (d[i].className == 'log') {
        flip(d[i]);
      }
    }
  }
}

// -->
</script>

</head>
<body>
<h2 align='center'>Hotel Booking website testing</h2><table border='1' align="center">
<tr>
<td>Tests passed/Failed/Skipped:</td><td>9/3/0</td>
</tr><tr>
<td>Started on:</td><td>Wed Jun 14 02:09:02 IST 2023</td>
</tr>
<tr><td>Total time:</td><td>213 seconds (213361 ms)</td>
</tr><tr>
<td>Included groups:</td><td></td>
</tr><tr>
<td>Excluded groups:</td><td></td>
</tr>
</table><p/>
<small><i>(Hover the method name to see the test class name)</i></small><p/>
<table width='100%' border='1' class='invocation-failed'>
<tr><td colspan='4' align='center'><b>FAILED TESTS</b></td></tr>
<tr><td><b>Test method</b></td>
<td width="30%"><b>Exception</b></td>
<td width="10%"><b>Time (seconds)</b></td>
<td><b>Instance</b></td>
</tr>
<tr>
<td title='testcases.TC108.TestCase108()'><b>TestCase108</b><br>Test class: testcases.TC108<br>Parameters: snsnsnsnsn, snsnsnsnsn, Sydney, Hotel Creek, Standard, 1 - One, 1 - One, 0 - None, 0.0, 1.0<br/>
<a href="#Output-825537121" onClick='toggleBox("Output-825537121", this, "Show output", "Hide output");'>Show output</a>

<a href="#Output-825537121" onClick="toggleAllBoxes();">Show all outputs</a>
<div class='log' id="Output-825537121">
<a href="Y:\Nandhu Classes\Workspace\Mini_Project_TestNG\src\test\resources\screenshot\Screenshot Wed-Jun-14-02-11-32-IST-2023.png">Screenshot Link</a><br/>
</div>
</td>
<td><div><pre>java.lang.AssertionError: Total price shown is wrong expected [125] but found [135]
	at testcases.TC108.TestCase108(TC108.java:43)
	at java.base/java.util.ArrayList.forEach(ArrayList.java:1511)
... Removed 32 stack frames</pre></div><a href='#' onClick='toggleBox("stack-trace825537121", this, "Click to show all stack frames", "Click to hide stack frames")'>Click to show all stack frames</a>
<div class='stack-trace' id='stack-trace825537121'><pre>java.lang.AssertionError: Total price shown is wrong expected [125] but found [135]
	at org.testng.Assert.fail(Assert.java:99)
	at org.testng.Assert.failNotEquals(Assert.java:1037)
	at org.testng.Assert.assertEqualsImpl(Assert.java:140)
	at org.testng.Assert.assertEquals(Assert.java:122)
	at org.testng.Assert.assertEquals(Assert.java:907)
	at testcases.TC108.TestCase108(TC108.java:43)
	at java.base/jdk.internal.reflect.NativeMethodAccessorImpl.invoke0(Native Method)
	at java.base/jdk.internal.reflect.NativeMethodAccessorImpl.invoke(NativeMethodAccessorImpl.java:77)
	at java.base/jdk.internal.reflect.DelegatingMethodAccessorImpl.invoke(DelegatingMethodAccessorImpl.java:43)
	at java.base/java.lang.reflect.Method.invoke(Method.java:568)
	at org.testng.internal.MethodInvocationHelper.invokeMethod(MethodInvocationHelper.java:133)
	at org.testng.internal.TestInvoker.invokeMethod(TestInvoker.java:598)
	at org.testng.internal.TestInvoker.invokeTestMethod(TestInvoker.java:173)
	at org.testng.internal.MethodRunner.runInSequence(MethodRunner.java:46)
	at org.testng.internal.TestInvoker$MethodInvocationAgent.invoke(TestInvoker.java:824)
	at org.testng.internal.TestInvoker.invokeTestMethods(TestInvoker.java:146)
	at org.testng.internal.TestMethodWorker.invokeTestMethods(TestMethodWorker.java:146)
	at org.testng.internal.TestMethodWorker.run(TestMethodWorker.java:128)
	at java.base/java.util.ArrayList.forEach(ArrayList.java:1511)
	at org.testng.TestRunner.privateRun(TestRunner.java:794)
	at org.testng.TestRunner.run(TestRunner.java:596)
	at org.testng.SuiteRunner.runTest(SuiteRunner.java:377)
	at org.testng.SuiteRunner.runSequentially(SuiteRunner.java:371)
	at org.testng.SuiteRunner.privateRun(SuiteRunner.java:332)
	at org.testng.SuiteRunner.run(SuiteRunner.java:276)
	at org.testng.SuiteRunnerWorker.runSuite(SuiteRunnerWorker.java:53)
	at org.testng.SuiteRunnerWorker.run(SuiteRunnerWorker.java:96)
	at org.testng.TestNG.runSuitesSequentially(TestNG.java:1212)
	at org.testng.TestNG.runSuitesLocally(TestNG.java:1134)
	at org.testng.TestNG.runSuites(TestNG.java:1063)
	at org.testng.TestNG.run(TestNG.java:1031)
	at org.testng.remote.AbstractRemoteTestNG.run(AbstractRemoteTestNG.java:115)
	at org.testng.remote.RemoteTestNG.initAndRun(RemoteTestNG.java:251)
	at org.testng.remote.RemoteTestNG.main(RemoteTestNG.java:77)
</pre></div></td>
<td>6</td>
<td>testcases.TC108@352c308</td></tr>
<tr>
<td title='testcases.TC103.TestCase103()'><b>TestCase103</b><br>Test class: testcases.TC103<br>Parameters: snsnsnsnsn, snsnsnsnsn, Sydney, Hotel Creek, Standard, 1 - One, 1 - One, 0 - None, -5.0, -3.0<br/>
<a href="#Output-1866142672" onClick='toggleBox("Output-1866142672", this, "Show output", "Hide output");'>Show output</a>

<a href="#Output-1866142672" onClick="toggleAllBoxes();">Show all outputs</a>
<div class='log' id="Output-1866142672">
<a href="Y:\Nandhu Classes\Workspace\Mini_Project_TestNG\src\test\resources\screenshot\Screenshot Wed-Jun-14-02-10-05-IST-2023.png">Screenshot Link</a><br/>
</div>
</td>
<td><div><pre>java.lang.AssertionError: test case failed expected [Check-In Date should not be in past] but found []
	at testcases.TC103.TestCase103(TC103.java:38)
	at java.base/java.util.ArrayList.forEach(ArrayList.java:1511)
... Removed 32 stack frames</pre></div><a href='#' onClick='toggleBox("stack-trace1866142672", this, "Click to show all stack frames", "Click to hide stack frames")'>Click to show all stack frames</a>
<div class='stack-trace' id='stack-trace1866142672'><pre>java.lang.AssertionError: test case failed expected [Check-In Date should not be in past] but found []
	at org.testng.Assert.fail(Assert.java:99)
	at org.testng.Assert.failNotEquals(Assert.java:1037)
	at org.testng.Assert.assertEqualsImpl(Assert.java:140)
	at org.testng.Assert.assertEquals(Assert.java:122)
	at org.testng.Assert.assertEquals(Assert.java:629)
	at testcases.TC103.TestCase103(TC103.java:38)
	at java.base/jdk.internal.reflect.NativeMethodAccessorImpl.invoke0(Native Method)
	at java.base/jdk.internal.reflect.NativeMethodAccessorImpl.invoke(NativeMethodAccessorImpl.java:77)
	at java.base/jdk.internal.reflect.DelegatingMethodAccessorImpl.invoke(DelegatingMethodAccessorImpl.java:43)
	at java.base/java.lang.reflect.Method.invoke(Method.java:568)
	at org.testng.internal.MethodInvocationHelper.invokeMethod(MethodInvocationHelper.java:133)
	at org.testng.internal.TestInvoker.invokeMethod(TestInvoker.java:598)
	at org.testng.internal.TestInvoker.invokeTestMethod(TestInvoker.java:173)
	at org.testng.internal.MethodRunner.runInSequence(MethodRunner.java:46)
	at org.testng.internal.TestInvoker$MethodInvocationAgent.invoke(TestInvoker.java:824)
	at org.testng.internal.TestInvoker.invokeTestMethods(TestInvoker.java:146)
	at org.testng.internal.TestMethodWorker.invokeTestMethods(TestMethodWorker.java:146)
	at org.testng.internal.TestMethodWorker.run(TestMethodWorker.java:128)
	at java.base/java.util.ArrayList.forEach(ArrayList.java:1511)
	at org.testng.TestRunner.privateRun(TestRunner.java:794)
	at org.testng.TestRunner.run(TestRunner.java:596)
	at org.testng.SuiteRunner.runTest(SuiteRunner.java:377)
	at org.testng.SuiteRunner.runSequentially(SuiteRunner.java:371)
	at org.testng.SuiteRunner.privateRun(SuiteRunner.java:332)
	at org.testng.SuiteRunner.run(SuiteRunner.java:276)
	at org.testng.SuiteRunnerWorker.runSuite(SuiteRunnerWorker.java:53)
	at org.testng.SuiteRunnerWorker.run(SuiteRunnerWorker.java:96)
	at org.testng.TestNG.runSuitesSequentially(TestNG.java:1212)
	at org.testng.TestNG.runSuitesLocally(TestNG.java:1134)
	at org.testng.TestNG.runSuites(TestNG.java:1063)
	at org.testng.TestNG.run(TestNG.java:1031)
	at org.testng.remote.AbstractRemoteTestNG.run(AbstractRemoteTestNG.java:115)
	at org.testng.remote.RemoteTestNG.initAndRun(RemoteTestNG.java:251)
	at org.testng.remote.RemoteTestNG.main(RemoteTestNG.java:77)
</pre></div></td>
<td>16</td>
<td>testcases.TC103@35293c05</td></tr>
<tr>
<td title='testcases.TC110.TestCase110()'><b>TestCase110</b><br>Test class: testcases.TC110<br>Parameters: snsnsnsnsn, snsnsnsnsn, Paris, Hotel Creek, Super Deluxe, 2 - Two, 1 - One, 0 - None, 0.0, 1.0<br/>
<a href="#Output-610700123" onClick='toggleBox("Output-610700123", this, "Show output", "Hide output");'>Show output</a>

<a href="#Output-610700123" onClick="toggleAllBoxes();">Show all outputs</a>
<div class='log' id="Output-610700123">
<a href="Y:\Nandhu Classes\Workspace\Mini_Project_TestNG\src\test\resources\screenshot\Screenshot Wed-Jun-14-02-12-02-IST-2023.png">Screenshot Link</a><br/>
</div>
</td>
<td><div><pre>java.lang.AssertionError: Total price shown is wrong expected [850] but found [435]
	at testcases.TC110.TestCase110(TC110.java:46)
	at java.base/java.util.ArrayList.forEach(ArrayList.java:1511)
... Removed 32 stack frames</pre></div><a href='#' onClick='toggleBox("stack-trace610700123", this, "Click to show all stack frames", "Click to hide stack frames")'>Click to show all stack frames</a>
<div class='stack-trace' id='stack-trace610700123'><pre>java.lang.AssertionError: Total price shown is wrong expected [850] but found [435]
	at org.testng.Assert.fail(Assert.java:99)
	at org.testng.Assert.failNotEquals(Assert.java:1037)
	at org.testng.Assert.assertEqualsImpl(Assert.java:140)
	at org.testng.Assert.assertEquals(Assert.java:122)
	at org.testng.Assert.assertEquals(Assert.java:907)
	at testcases.TC110.TestCase110(TC110.java:46)
	at java.base/jdk.internal.reflect.NativeMethodAccessorImpl.invoke0(Native Method)
	at java.base/jdk.internal.reflect.NativeMethodAccessorImpl.invoke(NativeMethodAccessorImpl.java:77)
	at java.base/jdk.internal.reflect.DelegatingMethodAccessorImpl.invoke(DelegatingMethodAccessorImpl.java:43)
	at java.base/java.lang.reflect.Method.invoke(Method.java:568)
	at org.testng.internal.MethodInvocationHelper.invokeMethod(MethodInvocationHelper.java:133)
	at org.testng.internal.TestInvoker.invokeMethod(TestInvoker.java:598)
	at org.testng.internal.TestInvoker.invokeTestMethod(TestInvoker.java:173)
	at org.testng.internal.MethodRunner.runInSequence(MethodRunner.java:46)
	at org.testng.internal.TestInvoker$MethodInvocationAgent.invoke(TestInvoker.java:824)
	at org.testng.internal.TestInvoker.invokeTestMethods(TestInvoker.java:146)
	at org.testng.internal.TestMethodWorker.invokeTestMethods(TestMethodWorker.java:146)
	at org.testng.internal.TestMethodWorker.run(TestMethodWorker.java:128)
	at java.base/java.util.ArrayList.forEach(ArrayList.java:1511)
	at org.testng.TestRunner.privateRun(TestRunner.java:794)
	at org.testng.TestRunner.run(TestRunner.java:596)
	at org.testng.SuiteRunner.runTest(SuiteRunner.java:377)
	at org.testng.SuiteRunner.runSequentially(SuiteRunner.java:371)
	at org.testng.SuiteRunner.privateRun(SuiteRunner.java:332)
	at org.testng.SuiteRunner.run(SuiteRunner.java:276)
	at org.testng.SuiteRunnerWorker.runSuite(SuiteRunnerWorker.java:53)
	at org.testng.SuiteRunnerWorker.run(SuiteRunnerWorker.java:96)
	at org.testng.TestNG.runSuitesSequentially(TestNG.java:1212)
	at org.testng.TestNG.runSuitesLocally(TestNG.java:1134)
	at org.testng.TestNG.runSuites(TestNG.java:1063)
	at org.testng.TestNG.run(TestNG.java:1031)
	at org.testng.remote.AbstractRemoteTestNG.run(AbstractRemoteTestNG.java:115)
	at org.testng.remote.RemoteTestNG.initAndRun(RemoteTestNG.java:251)
	at org.testng.remote.RemoteTestNG.main(RemoteTestNG.java:77)
</pre></div></td>
<td>7</td>
<td>testcases.TC110@10027fc9</td></tr>
</table><p>
<table width='100%' border='1' class='invocation-passed'>
<tr><td colspan='4' align='center'><b>PASSED TESTS</b></td></tr>
<tr><td><b>Test method</b></td>
<td width="30%"><b>Exception</b></td>
<td width="10%"><b>Time (seconds)</b></td>
<td><b>Instance</b></td>
</tr>
<tr>
<td title='testcases.TC102.TestCase102()'><b>TestCase102</b><br>Test class: testcases.TC102<br>Parameters: snsnsnsnsn, snsnsnsnsn, Sydney, Hotel Creek, Standard, 1 - One, 1 - One, 0 - None, 7.0, 6.0</td>
<td></td>
<td>6</td>
<td>testcases.TC102@5ca17ab0</td></tr>
<tr>
<td title='testcases.TC111.TestCase111()'><b>TestCase111</b><br>Test class: testcases.TC111<br>Parameters: snsnsnsnsn, snsnsnsnsn, Paris, Hotel Creek, Super Deluxe, 2 - Two, 1 - One, 0 - None, 0.0, 1.0</td>
<td></td>
<td>6</td>
<td>testcases.TC111@677dbd89</td></tr>
<tr>
<td title='testcases.TC105.TestCase105()'><b>TestCase105</b><br>Test class: testcases.TC105<br>Parameters: snsnsnsnsn, snsnsnsnsn, Sydney, Hotel Creek, Standard, 1 - One, 1 - One, 0 - None, 0.0, 1.0</td>
<td></td>
<td>6</td>
<td>testcases.TC105@4d411036</td></tr>
<tr>
<td title='testcases.TC101.TestCase101()'><b>TestCase101</b><br>Test class: testcases.TC101<br>Parameters: snsnsnsnsn, snsnsnsnsn</td>
<td></td>
<td>2</td>
<td>testcases.TC101@8ab78bc</td></tr>
<tr>
<td title='testcases.TC106.TestCase106()'><b>TestCase106</b><br>Test class: testcases.TC106<br>Parameters: snsnsnsnsn, snsnsnsnsn, Sydney, Hotel Creek, Standard, 3 - Three, 1 - One, 0 - None, 0.0, 1.0</td>
<td></td>
<td>5</td>
<td>testcases.TC106@41beb473</td></tr>
<tr>
<td title='testcases.TC107.TestCase107()'><b>TestCase107</b><br>Test class: testcases.TC107<br>Parameters: snsnsnsnsn, snsnsnsnsn, Sydney, Hotel Creek, Deluxe, 1 - One, 1 - One, 0 - None, 0.0, 1.0</td>
<td></td>
<td>6</td>
<td>testcases.TC107@560513ce</td></tr>
<tr>
<td title='testcases.TC109.TestCase109()'><b>TestCase109</b><br>Test class: testcases.TC109<br>Parameters: snsnsnsnsn, snsnsnsnsn, Sydney, Hotel Creek, Standard, 1 - One, 1 - One, 0 - None, 0.0, 1.0</td>
<td></td>
<td>3</td>
<td>testcases.TC109@6d6bc158</td></tr>
<tr>
<td title='testcases.TC104.TestCase104()'><b>TestCase104</b><br>Test class: testcases.TC104<br>Parameters: snsnsnsnsn, snsnsnsnsn, Paris, Hotel Creek, Deluxe, 1 - One, 1 - One, 0 - None, 0.0, 1.0</td>
<td></td>
<td>6</td>
<td>testcases.TC104@2db2dd9d</td></tr>
<tr>
<td title='testcases.TC112.TestCase112()'><b>TestCase112</b><br>Test class: testcases.TC112<br>Parameters: snsnsnsnsn, snsnsnsnsn, Paris, Hotel Creek, Super Deluxe, 2 - Two, 1 - One, 0 - None, 0.0, 1.0</td>
<td></td>
<td>6</td>
<td>testcases.TC112@c00fff0</td></tr>
</table><p>
</body>
</html>