<?xml version="1.0" encoding="UTF-8"?>
<!-- Generated by org.testng.reporters.JUnitXMLReporter -->
<testsuite ignored="0" hostname="Indhu" failures="1" tests="1" name="LoginTest1" time="32.406" errors="0" timestamp="2023-06-13T22:30:50 IST">
  <testcase classname="testcases.TC102" name="TestCase102" time="17.176">
    <failure type="java.lang.AssertionError" message="test case failed expected [Check-In Date shall be before than Check-Out Date] but found []">
      <![CDATA[java.lang.AssertionError: test case failed expected [Check-In Date shall be before than Check-Out Date] but found []
at testcases.TC102.TestCase102(TC102.java:38)
at java.base/java.util.ArrayList.forEach(ArrayList.java:1511)
... Removed 32 stack frames]]>
    </failure>
  </testcase> <!-- TestCase102 -->
</testsuite> <!-- LoginTest1 -->
