<?xml version="1.0" encoding="UTF-8"?>
<!-- Generated by org.testng.reporters.JUnitXMLReporter -->
<testsuite ignored="0" hostname="Indhu" failures="1" tests="1" name="Sample test" time="35.67" errors="0" timestamp="2023-06-14T01:58:51 IST">
  <testcase classname="testcases.TC103" name="TestCase103" time="15.943">
    <failure type="java.lang.AssertionError" message="test case failed expected [Check-In Date should not be in past] but found []">
      <![CDATA[java.lang.AssertionError: test case failed expected [Check-In Date should not be in past] but found []
at testcases.TC103.TestCase103(TC103.java:38)
at java.base/java.util.ArrayList.forEach(ArrayList.java:1511)
... Removed 32 stack frames]]>
    </failure>
  </testcase> <!-- TestCase103 -->
</testsuite> <!-- Sample test -->
